2024-11-25 15:02:11,355 - TelegramBot - INFO - User 400484397 requested an adress checking
2024-11-25 15:02:11,364 - TelegramBot - INFO - Get user 400484397 password from database...
2024-11-25 15:02:15,001 - TelegramBot - INFO - User 400484397 entered adress_info point
2024-11-25 15:02:16,006 - TelegramBot - INFO - Request on opening the 400484397_wallet
2024-11-25 15:02:18,404 - TelegramBot - INFO - result of wallet opening: {'id': '0', 'jsonrpc': '2.0', 'result': {}}
2024-11-25 15:02:18,404 - TelegramBot - INFO - Wallet opened successfully.
2024-11-25 15:02:18,404 - TelegramBot - INFO - Request of wallet address for: 400484397
2024-11-25 15:02:19,410 - TelegramBot - INFO - result of wallet address requesting: {'id': '0', 'jsonrpc': '2.0', 'result': {'address': 'RYoLsfmhLANNkFT5dUDDsvMM3Z1Fzd57zFvJnMHcghD5j1zFEyyKovcSHMKAQ9NZZ5HeWWmzDHCL3bmdXK9b43Z7hLkWF5vzzFF', 'addresses': [{'address': 'RYoLsfmhLANNkFT5dUDDsvMM3Z1Fzd57zFvJnMHcghD5j1zFEyyKovcSHMKAQ9NZZ5HeWWmzDHCL3bmdXK9b43Z7hLkWF5vzzFF', 'address_index': 0, 'label': 'Primary account', 'used': True}, {'address': 'RYoSrFLcSANVXkfFtJ81Q3TSnt1CkaeNqK1A3yxQTcKK8HNQWSeUeA9QKd1w15UE65gQoc7hzNgmdHhKR1Hgg7MqdGj8yyhFaxX', 'address_index': 1, 'label': '', 'used': False}, {'address': 'RYoSrGYjs4rVSVaezna2QZdGDCza9LYczNtPge1hs5TA7XS6fiibYxWMEhabwXTfJ4YFUGvQ4sR6hSLM7zV7fF7Z1QRjajrUmXL', 'address_index': 2, 'label': '', 'used': False}, {'address': 'RYoSrJtFfQFdoP4ZpWyuCxaLpD5z4UhSTYTeAo2THsEVEU6hMXHmTMyCNk6HwNaAiBQ6g4EaVrgJzhoQhoJiNaAEc8MDcwoAGpi', 'address_index': 3, 'label': '', 'used': False}, {'address': 'RYoSrHcVw2zKA2MdkQqEA1eYRjZ2xNQWgWfSf8ATfvDmYMdvP6S1keuXqJGkwdUgJg93uxY1n7DCjaCffBapJWVaKaAYir7iiuD', 'address_index': 4, 'label': '', 'used': False}]}}
2024-11-25 15:02:26,454 - TelegramBot - INFO - User 400484397 requested exchange rate information
2024-11-25 15:02:26,454 - TelegramBot - INFO - Exchange rates RYO_BTC 2.1e-07 
2024-11-25 15:02:26,455 - TelegramBot - INFO - Exchange rates RYO_BTC 66870.00000008 
2024-11-25 15:02:26,455 - TelegramBot - INFO - Exchange rates RUB_USD 96.7402 
2024-11-25 15:02:27,309 - TelegramBot - INFO - Requesting https://tradeogre.com/api/v1/ticker/RYO-BTC
2024-11-25 15:02:27,530 - TelegramBot - INFO - Requesting https://tradeogre.com/api/v1/ticker/BTC-USDT
2024-11-25 15:02:27,592 - TelegramBot - INFO - Requesting https://www.cbr-xml-daily.ru/daily_json.js
2024-11-25 15:02:28,242 - TelegramBot - INFO - Response JSON: {'success': True, 'initialprice': '0.00000016', 'price': '0.00000016', 'high': '0.00000016', 'low': '0.00000016', 'volume': '0.00218001', 'bid': '0.00000016', 'ask': '0.00000018'}
2024-11-25 15:02:28,298 - TelegramBot - INFO - Response JSON: {'success': True, 'initialprice': '98199.99999999', 'price': '97998.99999999', 'high': '98500.00000000', 'low': '95863.97416001', 'volume': '537413.22840367', 'bid': '97558.94276134', 'ask': '97925.50074998'}
2024-11-25 15:02:28,732 - TelegramBot - INFO - Response JSON: {'Date': '2024-11-23T11:30:00+03:00', 'PreviousDate': '2024-11-22T11:30:00+03:00', 'PreviousURL': '//www.cbr-xml-daily.ru/archive/2024/11/22/daily_json.js', 'Timestamp': '2024-11-24T20:00:00+03:00', 'Valute': {'AUD': {'ID': 'R01010', 'NumCode': '036', 'CharCode': 'AUD', 'Nominal': 1, 'Name': 'Австралийский доллар', 'Value': 66.7155, 'Previous': 65.613}, 'AZN': {'ID': 'R01020A', 'NumCode': '944', 'CharCode': 'AZN', 'Nominal': 1, 'Name': 'Азербайджанский манат', 'Value': 60.3389, 'Previous': 59.2234}, 'GBP': {'ID': 'R01035', 'NumCode': '826', 'CharCode': 'GBP', 'Nominal': 1, 'Name': 'Фунт стерлингов Соединенного королевства', 'Value': 129.4305, 'Previous': 127.3902}, 'AMD': {'ID': 'R01060', 'NumCode': '051', 'CharCode': 'AMD', 'Nominal': 100, 'Name': 'Армянских драмов', 'Value': 26.3178, 'Previous': 25.8518}, 'BYN': {'ID': 'R01090B', 'NumCode': '933', 'CharCode': 'BYN', 'Nominal': 1, 'Name': 'Белорусский рубль', 'Value': 29.9317, 'Previous': 29.4816}, 'BGN': {'ID': 'R01100', 'NumCode': '975', 'CharCode': 'BGN', 'Nominal': 1, 'Name': 'Болгарский лев', 'Value': 55.2051, 'Previous': 54.3698}, 'BRL': {'ID': 'R01115', 'NumCode': '986', 'CharCode': 'BRL', 'Nominal': 1, 'Name': 'Бразильский реал', 'Value': 17.6338, 'Previous': 17.4368}, 'HUF': {'ID': 'R01135', 'NumCode': '348', 'CharCode': 'HUF', 'Nominal': 100, 'Name': 'Венгерских форинтов', 'Value': 25.9476, 'Previous': 25.7546}, 'VND': {'ID': 'R01150', 'NumCode': '704', 'CharCode': 'VND', 'Nominal': 10000, 'Name': 'Вьетнамских донгов', 'Value': 42.2211, 'Previous': 41.4491}, 'HKD': {'ID': 'R01200', 'NumCode': '344', 'CharCode': 'HKD', 'Nominal': 1, 'Name': 'Гонконгский доллар', 'Value': 13.1999, 'Previous': 12.9592}, 'GEL': {'ID': 'R01210', 'NumCode': '981', 'CharCode': 'GEL', 'Nominal': 1, 'Name': 'Грузинский лари', 'Value': 37.3915, 'Previous': 36.6321}, 'DKK': {'ID': 'R01215', 'NumCode': '208', 'CharCode': 'DKK', 'Nominal': 1, 'Name': 'Датская крона', 'Value': 14.4757, 'Previous': 14.256}, 'AED': {'ID': 'R01230', 'NumCode': '784', 'CharCode': 'AED', 'Nominal': 1, 'Name': 'Дирхам ОАЭ', 'Value': 27.9309, 'Previous': 27.4145}, 'USD': {'ID': 'R01235', 'NumCode': '840', 'CharCode': 'USD', 'Nominal': 1, 'Name': 'Доллар США', 'Value': 102.5761, 'Previous': 100.6798}, 'EUR': {'ID': 'R01239', 'NumCode': '978', 'CharCode': 'EUR', 'Nominal': 1, 'Name': 'Евро', 'Value': 107.4252, 'Previous': 106.0762}, 'EGP': {'ID': 'R01240', 'NumCode': '818', 'CharCode': 'EGP', 'Nominal': 10, 'Name': 'Египетских фунтов', 'Value': 20.6493, 'Previous': 20.2675}, 'INR': {'ID': 'R01270', 'NumCode': '356', 'CharCode': 'INR', 'Nominal': 10, 'Name': 'Индийских рупий', 'Value': 12.1395, 'Previous': 11.921}, 'IDR': {'ID': 'R01280', 'NumCode': '360', 'CharCode': 'IDR', 'Nominal': 10000, 'Name': 'Индонезийских рупий', 'Value': 64.3433, 'Previous': 63.4883}, 'KZT': {'ID': 'R01335', 'NumCode': '398', 'CharCode': 'KZT', 'Nominal': 100, 'Name': 'Казахстанских тенге', 'Value': 20.7279, 'Previous': 20.3311}, 'CAD': {'ID': 'R01350', 'NumCode': '124', 'CharCode': 'CAD', 'Nominal': 1, 'Name': 'Канадский доллар', 'Value': 73.4786, 'Previous': 71.9501}, 'QAR': {'ID': 'R01355', 'NumCode': '634', 'CharCode': 'QAR', 'Nominal': 1, 'Name': 'Катарский риал', 'Value': 28.1802, 'Previous': 27.6593}, 'KGS': {'ID': 'R01370', 'NumCode': '417', 'CharCode': 'KGS', 'Nominal': 10, 'Name': 'Киргизских сомов', 'Value': 11.8585, 'Previous': 11.6393}, 'CNY': {'ID': 'R01375', 'NumCode': '156', 'CharCode': 'CNY', 'Nominal': 1, 'Name': 'Китайский юань', 'Value': 13.9427, 'Previous': 13.8821}, 'MDL': {'ID': 'R01500', 'NumCode': '498', 'CharCode': 'MDL', 'Nominal': 10, 'Name': 'Молдавских леев', 'Value': 56.3348, 'Previous': 55.3694}, 'NZD': {'ID': 'R01530', 'NumCode': '554', 'CharCode': 'NZD', 'Nominal': 1, 'Name': 'Новозеландский доллар', 'Value': 60.0429, 'Previous': 59.2048}, 'NOK': {'ID': 'R01535', 'NumCode': '578', 'CharCode': 'NOK', 'Nominal': 10, 'Name': 'Норвежских крон', 'Value': 92.919, 'Previous': 91.3245}, 'PLN': {'ID': 'R01565', 'NumCode': '985', 'CharCode': 'PLN', 'Nominal': 1, 'Name': 'Польский злотый', 'Value': 24.5679, 'Previous': 24.3588}, 'RON': {'ID': 'R01585F', 'NumCode': '946', 'CharCode': 'RON', 'Nominal': 1, 'Name': 'Румынский лей', 'Value': 21.4855, 'Previous': 21.2777}, 'XDR': {'ID': 'R01589', 'NumCode': '960', 'CharCode': 'XDR', 'Nominal': 1, 'Name': 'СДР (специальные права заимствования)', 'Value': 134.6127, 'Previous': 132.2016}, 'SGD': {'ID': 'R01625', 'NumCode': '702', 'CharCode': 'SGD', 'Nominal': 1, 'Name': 'Сингапурский доллар', 'Value': 76.2364, 'Previous': 75.0446}, 'TJS': {'ID': 'R01670', 'NumCode': '972', 'CharCode': 'TJS', 'Nominal': 10, 'Name': 'Таджикских сомони', 'Value': 96.1612, 'Previous': 94.4322}, 'THB': {'ID': 'R01675', 'NumCode': '764', 'CharCode': 'THB', 'Nominal': 10, 'Name': 'Таиландских батов', 'Value': 29.5259, 'Previous': 29.0571}, 'TRY': {'ID': 'R01700J', 'NumCode': '949', 'CharCode': 'TRY', 'Nominal': 10, 'Name': 'Турецких лир', 'Value': 29.749, 'Previous': 29.2095}, 'TMT': {'ID': 'R01710A', 'NumCode': '934', 'CharCode': 'TMT', 'Nominal': 1, 'Name': 'Новый туркменский манат', 'Value': 29.3075, 'Previous': 28.7657}, 'UZS': {'ID': 'R01717', 'NumCode': '860', 'CharCode': 'UZS', 'Nominal': 10000, 'Name': 'Узбекских сумов', 'Value': 79.8617, 'Previous': 78.3139}, 'UAH': {'ID': 'R01720', 'NumCode': '980', 'CharCode': 'UAH', 'Nominal': 10, 'Name': 'Украинских гривен', 'Value': 24.8453, 'Previous': 24.4053}, 'CZK': {'ID': 'R01760', 'NumCode': '203', 'CharCode': 'CZK', 'Nominal': 10, 'Name': 'Чешских крон', 'Value': 42.6388, 'Previous': 42.0393}, 'SEK': {'ID': 'R01770', 'NumCode': '752', 'CharCode': 'SEK', 'Nominal': 10, 'Name': 'Шведских крон', 'Value': 93.0228, 'Previous': 91.6312}, 'CHF': {'ID': 'R01775', 'NumCode': '756', 'CharCode': 'CHF', 'Nominal': 1, 'Name': 'Швейцарский франк', 'Value': 115.4097, 'Previous': 113.9169}, 'RSD': {'ID': 'R01805F', 'NumCode': '941', 'CharCode': 'RSD', 'Nominal': 100, 'Name': 'Сербских динаров', 'Value': 91.7942, 'Previous': 90.7618}, 'ZAR': {'ID': 'R01810', 'NumCode': '710', 'CharCode': 'ZAR', 'Nominal': 10, 'Name': 'Южноафриканских рэндов', 'Value': 56.8963, 'Previous': 55.4096}, 'KRW': {'ID': 'R01815', 'NumCode': '410', 'CharCode': 'KRW', 'Nominal': 1000, 'Name': 'Вон Республики Корея', 'Value': 73.3682, 'Previous': 72.3482}, 'JPY': {'ID': 'R01820', 'NumCode': '392', 'CharCode': 'JPY', 'Nominal': 100, 'Name': 'Японских иен', 'Value': 66.4353, 'Previous': 64.9338}}}
2024-11-25 15:02:42,685 - TelegramBot - INFO - User 400484397 requested a users base content for a moment
2024-11-25 16:08:46,551 - TelegramBot - INFO - Database initialized with all tables created.
2024-11-25 16:08:46,551 - TelegramBot - INFO - Database initialized with all tables created.
2024-11-25 16:08:46,551 - TelegramBot - INFO - Database initialized with all tables created.
2024-11-25 16:08:46,551 - TelegramBot - INFO - Database initialized with all tables created.
2024-11-25 16:08:46,551 - TelegramBot - INFO - Database initialized with all tables created.
2024-11-25 16:08:46,553 - TelegramBot - INFO - Database initialized with all tables created.
2024-11-25 16:08:46,553 - TelegramBot - INFO - Database initialized with all tables created.
2024-11-25 16:08:46,553 - TelegramBot - INFO - Database initialized with all tables created.
2024-11-25 16:08:46,553 - TelegramBot - INFO - Database initialized with all tables created.
2024-11-25 16:08:46,553 - TelegramBot - INFO - Database initialized with all tables created.
2024-11-25 16:08:46,553 - TelegramBot - INFO - Database initialized with all tables created.
2024-11-25 16:08:46,555 - TelegramBot - WARNING - Wallet server is not running.
2024-11-25 16:08:46,555 - TelegramBot - WARNING - Wallet server is not running.
2024-11-25 16:08:46,555 - TelegramBot - WARNING - Wallet server is not running.
2024-11-25 16:08:46,555 - TelegramBot - WARNING - Wallet server is not running.
2024-11-25 16:08:46,555 - TelegramBot - WARNING - Wallet server is not running.
2024-11-25 16:08:46,555 - TelegramBot - WARNING - Wallet server is not running.
2024-11-25 16:08:46,555 - TelegramBot - INFO - Starting wallet server with command: ./ryo-wallet-rpc --rpc-bind-port 18082 --disable-rpc-login --wallet-dir ./testwall
2024-11-25 16:08:46,555 - TelegramBot - INFO - Starting wallet server with command: ./ryo-wallet-rpc --rpc-bind-port 18082 --disable-rpc-login --wallet-dir ./testwall
2024-11-25 16:08:46,555 - TelegramBot - INFO - Starting wallet server with command: ./ryo-wallet-rpc --rpc-bind-port 18082 --disable-rpc-login --wallet-dir ./testwall
2024-11-25 16:08:46,555 - TelegramBot - INFO - Starting wallet server with command: ./ryo-wallet-rpc --rpc-bind-port 18082 --disable-rpc-login --wallet-dir ./testwall
2024-11-25 16:08:46,555 - TelegramBot - INFO - Starting wallet server with command: ./ryo-wallet-rpc --rpc-bind-port 18082 --disable-rpc-login --wallet-dir ./testwall
2024-11-25 16:08:46,555 - TelegramBot - INFO - Starting wallet server with command: ./ryo-wallet-rpc --rpc-bind-port 18082 --disable-rpc-login --wallet-dir ./testwall
2024-11-25 16:08:46,556 - TelegramBot - INFO - Wallet server started.
2024-11-25 16:08:46,556 - TelegramBot - INFO - Wallet server started.
2024-11-25 16:08:46,556 - TelegramBot - INFO - Wallet server started.
2024-11-25 16:08:46,556 - TelegramBot - INFO - Wallet server started.
2024-11-25 16:08:46,556 - TelegramBot - INFO - Wallet server started.
2024-11-25 16:08:46,556 - TelegramBot - INFO - Wallet server started.
2024-11-25 16:08:46,665 - TelegramBot - INFO - Bot started successfully
2024-11-25 16:08:46,665 - TelegramBot - INFO - Bot started successfully
2024-11-25 16:08:46,665 - TelegramBot - INFO - Bot started successfully
2024-11-25 16:08:46,665 - TelegramBot - INFO - Bot started successfully
2024-11-25 16:08:46,665 - TelegramBot - INFO - Bot started successfully
2024-11-25 16:08:46,665 - TelegramBot - INFO - Bot started successfully
2024-11-25 16:09:02,667 - TelegramBot - INFO - User 400484397 started a conversation
2024-11-25 16:09:02,667 - TelegramBot - INFO - User 400484397 started a conversation
2024-11-25 16:09:02,667 - TelegramBot - INFO - User 400484397 started a conversation
2024-11-25 16:09:02,667 - TelegramBot - INFO - User 400484397 started a conversation
2024-11-25 16:09:02,667 - TelegramBot - INFO - User 400484397 started a conversation
2024-11-25 16:09:02,667 - TelegramBot - INFO - User 400484397 started a conversation
2024-11-25 16:09:06,619 - TelegramBot - INFO - User 400484397 requested an adress checking
2024-11-25 16:09:06,619 - TelegramBot - INFO - User 400484397 requested an adress checking
2024-11-25 16:09:06,619 - TelegramBot - INFO - User 400484397 requested an adress checking
2024-11-25 16:09:06,619 - TelegramBot - INFO - User 400484397 requested an adress checking
2024-11-25 16:09:06,619 - TelegramBot - INFO - User 400484397 requested an adress checking
2024-11-25 16:09:06,619 - TelegramBot - INFO - User 400484397 requested an adress checking
2024-11-25 16:09:06,628 - TelegramBot - INFO - Get user 400484397 password from database...
2024-11-25 16:09:06,628 - TelegramBot - INFO - Get user 400484397 password from database...
2024-11-25 16:09:06,628 - TelegramBot - INFO - Get user 400484397 password from database...
2024-11-25 16:09:06,628 - TelegramBot - INFO - Get user 400484397 password from database...
2024-11-25 16:09:06,628 - TelegramBot - INFO - Get user 400484397 password from database...
2024-11-25 16:09:06,628 - TelegramBot - INFO - Get user 400484397 password from database...
2024-11-25 16:09:08,673 - TelegramBot - INFO - User 400484397 entered adress_info point
2024-11-25 16:09:08,673 - TelegramBot - INFO - User 400484397 entered adress_info point
2024-11-25 16:09:08,673 - TelegramBot - INFO - User 400484397 entered adress_info point
2024-11-25 16:09:08,673 - TelegramBot - INFO - User 400484397 entered adress_info point
2024-11-25 16:09:08,673 - TelegramBot - INFO - User 400484397 entered adress_info point
2024-11-25 16:09:08,673 - TelegramBot - INFO - User 400484397 entered adress_info point
2024-11-25 16:09:09,715 - TelegramBot - INFO - Request on opening the 400484397_wallet
2024-11-25 16:09:09,715 - TelegramBot - INFO - Request on opening the 400484397_wallet
2024-11-25 16:09:09,715 - TelegramBot - INFO - Request on opening the 400484397_wallet
2024-11-25 16:09:09,715 - TelegramBot - INFO - Request on opening the 400484397_wallet
2024-11-25 16:09:09,715 - TelegramBot - INFO - Request on opening the 400484397_wallet
2024-11-25 16:09:09,715 - TelegramBot - INFO - Request on opening the 400484397_wallet
2024-11-25 16:09:11,344 - TelegramBot - INFO - result of wallet opening: {'id': '0', 'jsonrpc': '2.0', 'result': {}}
2024-11-25 16:09:11,344 - TelegramBot - INFO - result of wallet opening: {'id': '0', 'jsonrpc': '2.0', 'result': {}}
2024-11-25 16:09:11,344 - TelegramBot - INFO - result of wallet opening: {'id': '0', 'jsonrpc': '2.0', 'result': {}}
2024-11-25 16:09:11,344 - TelegramBot - INFO - result of wallet opening: {'id': '0', 'jsonrpc': '2.0', 'result': {}}
2024-11-25 16:09:11,344 - TelegramBot - INFO - result of wallet opening: {'id': '0', 'jsonrpc': '2.0', 'result': {}}
2024-11-25 16:09:11,344 - TelegramBot - INFO - result of wallet opening: {'id': '0', 'jsonrpc': '2.0', 'result': {}}
2024-11-25 16:09:11,345 - TelegramBot - INFO - Wallet opened successfully.
2024-11-25 16:09:11,345 - TelegramBot - INFO - Wallet opened successfully.
2024-11-25 16:09:11,345 - TelegramBot - INFO - Wallet opened successfully.
2024-11-25 16:09:11,345 - TelegramBot - INFO - Wallet opened successfully.
2024-11-25 16:09:11,345 - TelegramBot - INFO - Wallet opened successfully.
2024-11-25 16:09:11,345 - TelegramBot - INFO - Wallet opened successfully.
2024-11-25 16:09:11,345 - TelegramBot - INFO - Request of wallet address for: 400484397
2024-11-25 16:09:11,345 - TelegramBot - INFO - Request of wallet address for: 400484397
2024-11-25 16:09:11,345 - TelegramBot - INFO - Request of wallet address for: 400484397
2024-11-25 16:09:11,345 - TelegramBot - INFO - Request of wallet address for: 400484397
2024-11-25 16:09:11,345 - TelegramBot - INFO - Request of wallet address for: 400484397
2024-11-25 16:09:11,345 - TelegramBot - INFO - Request of wallet address for: 400484397
2024-11-25 16:09:12,351 - TelegramBot - INFO - result of wallet address requesting: {'id': '0', 'jsonrpc': '2.0', 'result': {'address': 'RYoLsfmhLANNkFT5dUDDsvMM3Z1Fzd57zFvJnMHcghD5j1zFEyyKovcSHMKAQ9NZZ5HeWWmzDHCL3bmdXK9b43Z7hLkWF5vzzFF', 'addresses': [{'address': 'RYoLsfmhLANNkFT5dUDDsvMM3Z1Fzd57zFvJnMHcghD5j1zFEyyKovcSHMKAQ9NZZ5HeWWmzDHCL3bmdXK9b43Z7hLkWF5vzzFF', 'address_index': 0, 'label': 'Primary account', 'used': True}, {'address': 'RYoSrFLcSANVXkfFtJ81Q3TSnt1CkaeNqK1A3yxQTcKK8HNQWSeUeA9QKd1w15UE65gQoc7hzNgmdHhKR1Hgg7MqdGj8yyhFaxX', 'address_index': 1, 'label': '', 'used': False}, {'address': 'RYoSrGYjs4rVSVaezna2QZdGDCza9LYczNtPge1hs5TA7XS6fiibYxWMEhabwXTfJ4YFUGvQ4sR6hSLM7zV7fF7Z1QRjajrUmXL', 'address_index': 2, 'label': '', 'used': False}, {'address': 'RYoSrJtFfQFdoP4ZpWyuCxaLpD5z4UhSTYTeAo2THsEVEU6hMXHmTMyCNk6HwNaAiBQ6g4EaVrgJzhoQhoJiNaAEc8MDcwoAGpi', 'address_index': 3, 'label': '', 'used': False}, {'address': 'RYoSrHcVw2zKA2MdkQqEA1eYRjZ2xNQWgWfSf8ATfvDmYMdvP6S1keuXqJGkwdUgJg93uxY1n7DCjaCffBapJWVaKaAYir7iiuD', 'address_index': 4, 'label': '', 'used': False}]}}
2024-11-25 16:09:12,351 - TelegramBot - INFO - result of wallet address requesting: {'id': '0', 'jsonrpc': '2.0', 'result': {'address': 'RYoLsfmhLANNkFT5dUDDsvMM3Z1Fzd57zFvJnMHcghD5j1zFEyyKovcSHMKAQ9NZZ5HeWWmzDHCL3bmdXK9b43Z7hLkWF5vzzFF', 'addresses': [{'address': 'RYoLsfmhLANNkFT5dUDDsvMM3Z1Fzd57zFvJnMHcghD5j1zFEyyKovcSHMKAQ9NZZ5HeWWmzDHCL3bmdXK9b43Z7hLkWF5vzzFF', 'address_index': 0, 'label': 'Primary account', 'used': True}, {'address': 'RYoSrFLcSANVXkfFtJ81Q3TSnt1CkaeNqK1A3yxQTcKK8HNQWSeUeA9QKd1w15UE65gQoc7hzNgmdHhKR1Hgg7MqdGj8yyhFaxX', 'address_index': 1, 'label': '', 'used': False}, {'address': 'RYoSrGYjs4rVSVaezna2QZdGDCza9LYczNtPge1hs5TA7XS6fiibYxWMEhabwXTfJ4YFUGvQ4sR6hSLM7zV7fF7Z1QRjajrUmXL', 'address_index': 2, 'label': '', 'used': False}, {'address': 'RYoSrJtFfQFdoP4ZpWyuCxaLpD5z4UhSTYTeAo2THsEVEU6hMXHmTMyCNk6HwNaAiBQ6g4EaVrgJzhoQhoJiNaAEc8MDcwoAGpi', 'address_index': 3, 'label': '', 'used': False}, {'address': 'RYoSrHcVw2zKA2MdkQqEA1eYRjZ2xNQWgWfSf8ATfvDmYMdvP6S1keuXqJGkwdUgJg93uxY1n7DCjaCffBapJWVaKaAYir7iiuD', 'address_index': 4, 'label': '', 'used': False}]}}
2024-11-25 16:09:12,351 - TelegramBot - INFO - result of wallet address requesting: {'id': '0', 'jsonrpc': '2.0', 'result': {'address': 'RYoLsfmhLANNkFT5dUDDsvMM3Z1Fzd57zFvJnMHcghD5j1zFEyyKovcSHMKAQ9NZZ5HeWWmzDHCL3bmdXK9b43Z7hLkWF5vzzFF', 'addresses': [{'address': 'RYoLsfmhLANNkFT5dUDDsvMM3Z1Fzd57zFvJnMHcghD5j1zFEyyKovcSHMKAQ9NZZ5HeWWmzDHCL3bmdXK9b43Z7hLkWF5vzzFF', 'address_index': 0, 'label': 'Primary account', 'used': True}, {'address': 'RYoSrFLcSANVXkfFtJ81Q3TSnt1CkaeNqK1A3yxQTcKK8HNQWSeUeA9QKd1w15UE65gQoc7hzNgmdHhKR1Hgg7MqdGj8yyhFaxX', 'address_index': 1, 'label': '', 'used': False}, {'address': 'RYoSrGYjs4rVSVaezna2QZdGDCza9LYczNtPge1hs5TA7XS6fiibYxWMEhabwXTfJ4YFUGvQ4sR6hSLM7zV7fF7Z1QRjajrUmXL', 'address_index': 2, 'label': '', 'used': False}, {'address': 'RYoSrJtFfQFdoP4ZpWyuCxaLpD5z4UhSTYTeAo2THsEVEU6hMXHmTMyCNk6HwNaAiBQ6g4EaVrgJzhoQhoJiNaAEc8MDcwoAGpi', 'address_index': 3, 'label': '', 'used': False}, {'address': 'RYoSrHcVw2zKA2MdkQqEA1eYRjZ2xNQWgWfSf8ATfvDmYMdvP6S1keuXqJGkwdUgJg93uxY1n7DCjaCffBapJWVaKaAYir7iiuD', 'address_index': 4, 'label': '', 'used': False}]}}
2024-11-25 16:09:12,351 - TelegramBot - INFO - result of wallet address requesting: {'id': '0', 'jsonrpc': '2.0', 'result': {'address': 'RYoLsfmhLANNkFT5dUDDsvMM3Z1Fzd57zFvJnMHcghD5j1zFEyyKovcSHMKAQ9NZZ5HeWWmzDHCL3bmdXK9b43Z7hLkWF5vzzFF', 'addresses': [{'address': 'RYoLsfmhLANNkFT5dUDDsvMM3Z1Fzd57zFvJnMHcghD5j1zFEyyKovcSHMKAQ9NZZ5HeWWmzDHCL3bmdXK9b43Z7hLkWF5vzzFF', 'address_index': 0, 'label': 'Primary account', 'used': True}, {'address': 'RYoSrFLcSANVXkfFtJ81Q3TSnt1CkaeNqK1A3yxQTcKK8HNQWSeUeA9QKd1w15UE65gQoc7hzNgmdHhKR1Hgg7MqdGj8yyhFaxX', 'address_index': 1, 'label': '', 'used': False}, {'address': 'RYoSrGYjs4rVSVaezna2QZdGDCza9LYczNtPge1hs5TA7XS6fiibYxWMEhabwXTfJ4YFUGvQ4sR6hSLM7zV7fF7Z1QRjajrUmXL', 'address_index': 2, 'label': '', 'used': False}, {'address': 'RYoSrJtFfQFdoP4ZpWyuCxaLpD5z4UhSTYTeAo2THsEVEU6hMXHmTMyCNk6HwNaAiBQ6g4EaVrgJzhoQhoJiNaAEc8MDcwoAGpi', 'address_index': 3, 'label': '', 'used': False}, {'address': 'RYoSrHcVw2zKA2MdkQqEA1eYRjZ2xNQWgWfSf8ATfvDmYMdvP6S1keuXqJGkwdUgJg93uxY1n7DCjaCffBapJWVaKaAYir7iiuD', 'address_index': 4, 'label': '', 'used': False}]}}
2024-11-25 16:09:12,351 - TelegramBot - INFO - result of wallet address requesting: {'id': '0', 'jsonrpc': '2.0', 'result': {'address': 'RYoLsfmhLANNkFT5dUDDsvMM3Z1Fzd57zFvJnMHcghD5j1zFEyyKovcSHMKAQ9NZZ5HeWWmzDHCL3bmdXK9b43Z7hLkWF5vzzFF', 'addresses': [{'address': 'RYoLsfmhLANNkFT5dUDDsvMM3Z1Fzd57zFvJnMHcghD5j1zFEyyKovcSHMKAQ9NZZ5HeWWmzDHCL3bmdXK9b43Z7hLkWF5vzzFF', 'address_index': 0, 'label': 'Primary account', 'used': True}, {'address': 'RYoSrFLcSANVXkfFtJ81Q3TSnt1CkaeNqK1A3yxQTcKK8HNQWSeUeA9QKd1w15UE65gQoc7hzNgmdHhKR1Hgg7MqdGj8yyhFaxX', 'address_index': 1, 'label': '', 'used': False}, {'address': 'RYoSrGYjs4rVSVaezna2QZdGDCza9LYczNtPge1hs5TA7XS6fiibYxWMEhabwXTfJ4YFUGvQ4sR6hSLM7zV7fF7Z1QRjajrUmXL', 'address_index': 2, 'label': '', 'used': False}, {'address': 'RYoSrJtFfQFdoP4ZpWyuCxaLpD5z4UhSTYTeAo2THsEVEU6hMXHmTMyCNk6HwNaAiBQ6g4EaVrgJzhoQhoJiNaAEc8MDcwoAGpi', 'address_index': 3, 'label': '', 'used': False}, {'address': 'RYoSrHcVw2zKA2MdkQqEA1eYRjZ2xNQWgWfSf8ATfvDmYMdvP6S1keuXqJGkwdUgJg93uxY1n7DCjaCffBapJWVaKaAYir7iiuD', 'address_index': 4, 'label': '', 'used': False}]}}
2024-11-25 16:09:12,351 - TelegramBot - INFO - result of wallet address requesting: {'id': '0', 'jsonrpc': '2.0', 'result': {'address': 'RYoLsfmhLANNkFT5dUDDsvMM3Z1Fzd57zFvJnMHcghD5j1zFEyyKovcSHMKAQ9NZZ5HeWWmzDHCL3bmdXK9b43Z7hLkWF5vzzFF', 'addresses': [{'address': 'RYoLsfmhLANNkFT5dUDDsvMM3Z1Fzd57zFvJnMHcghD5j1zFEyyKovcSHMKAQ9NZZ5HeWWmzDHCL3bmdXK9b43Z7hLkWF5vzzFF', 'address_index': 0, 'label': 'Primary account', 'used': True}, {'address': 'RYoSrFLcSANVXkfFtJ81Q3TSnt1CkaeNqK1A3yxQTcKK8HNQWSeUeA9QKd1w15UE65gQoc7hzNgmdHhKR1Hgg7MqdGj8yyhFaxX', 'address_index': 1, 'label': '', 'used': False}, {'address': 'RYoSrGYjs4rVSVaezna2QZdGDCza9LYczNtPge1hs5TA7XS6fiibYxWMEhabwXTfJ4YFUGvQ4sR6hSLM7zV7fF7Z1QRjajrUmXL', 'address_index': 2, 'label': '', 'used': False}, {'address': 'RYoSrJtFfQFdoP4ZpWyuCxaLpD5z4UhSTYTeAo2THsEVEU6hMXHmTMyCNk6HwNaAiBQ6g4EaVrgJzhoQhoJiNaAEc8MDcwoAGpi', 'address_index': 3, 'label': '', 'used': False}, {'address': 'RYoSrHcVw2zKA2MdkQqEA1eYRjZ2xNQWgWfSf8ATfvDmYMdvP6S1keuXqJGkwdUgJg93uxY1n7DCjaCffBapJWVaKaAYir7iiuD', 'address_index': 4, 'label': '', 'used': False}]}}
2024-11-25 16:09:12,919 - TelegramBot - INFO - Request on opening the 400484397_wallet
2024-11-25 16:09:12,919 - TelegramBot - INFO - Request on opening the 400484397_wallet
2024-11-25 16:09:12,919 - TelegramBot - INFO - Request on opening the 400484397_wallet
2024-11-25 16:09:12,919 - TelegramBot - INFO - Request on opening the 400484397_wallet
2024-11-25 16:09:12,919 - TelegramBot - INFO - Request on opening the 400484397_wallet
2024-11-25 16:09:12,919 - TelegramBot - INFO - Request on opening the 400484397_wallet
2024-11-25 16:09:14,529 - TelegramBot - INFO - result of wallet closing: {'id': '0', 'jsonrpc': '2.0', 'result': {}}
2024-11-25 16:09:14,529 - TelegramBot - INFO - result of wallet closing: {'id': '0', 'jsonrpc': '2.0', 'result': {}}
2024-11-25 16:09:14,529 - TelegramBot - INFO - result of wallet closing: {'id': '0', 'jsonrpc': '2.0', 'result': {}}
2024-11-25 16:09:14,529 - TelegramBot - INFO - result of wallet closing: {'id': '0', 'jsonrpc': '2.0', 'result': {}}
2024-11-25 16:09:14,529 - TelegramBot - INFO - result of wallet closing: {'id': '0', 'jsonrpc': '2.0', 'result': {}}
2024-11-25 16:09:14,529 - TelegramBot - INFO - result of wallet closing: {'id': '0', 'jsonrpc': '2.0', 'result': {}}
2024-11-25 16:09:22,200 - TelegramBot - INFO - User 400484397 requested a balance checking
2024-11-25 16:09:22,200 - TelegramBot - INFO - User 400484397 requested a balance checking
2024-11-25 16:09:22,200 - TelegramBot - INFO - User 400484397 requested a balance checking
2024-11-25 16:09:22,200 - TelegramBot - INFO - User 400484397 requested a balance checking
2024-11-25 16:09:22,200 - TelegramBot - INFO - User 400484397 requested a balance checking
2024-11-25 16:09:22,200 - TelegramBot - INFO - User 400484397 requested a balance checking
2024-11-25 16:09:22,206 - TelegramBot - INFO - Get user 400484397 password from database...
2024-11-25 16:09:22,206 - TelegramBot - INFO - Get user 400484397 password from database...
2024-11-25 16:09:22,206 - TelegramBot - INFO - Get user 400484397 password from database...
2024-11-25 16:09:22,206 - TelegramBot - INFO - Get user 400484397 password from database...
2024-11-25 16:09:22,206 - TelegramBot - INFO - Get user 400484397 password from database...
2024-11-25 16:09:22,206 - TelegramBot - INFO - Get user 400484397 password from database...
2024-11-25 16:09:24,775 - TelegramBot - INFO - User 400484397 entered BALANCE point
2024-11-25 16:09:24,775 - TelegramBot - INFO - User 400484397 entered BALANCE point
2024-11-25 16:09:24,775 - TelegramBot - INFO - User 400484397 entered BALANCE point
2024-11-25 16:09:24,775 - TelegramBot - INFO - User 400484397 entered BALANCE point
2024-11-25 16:09:24,775 - TelegramBot - INFO - User 400484397 entered BALANCE point
2024-11-25 16:09:24,775 - TelegramBot - INFO - User 400484397 entered BALANCE point
2024-11-25 16:09:25,786 - TelegramBot - INFO - Request on opening the 400484397_wallet
2024-11-25 16:09:25,786 - TelegramBot - INFO - Request on opening the 400484397_wallet
2024-11-25 16:09:25,786 - TelegramBot - INFO - Request on opening the 400484397_wallet
2024-11-25 16:09:25,786 - TelegramBot - INFO - Request on opening the 400484397_wallet
2024-11-25 16:09:25,786 - TelegramBot - INFO - Request on opening the 400484397_wallet
2024-11-25 16:09:25,786 - TelegramBot - INFO - Request on opening the 400484397_wallet
2024-11-25 16:09:27,383 - TelegramBot - INFO - result of wallet opening: {'id': '0', 'jsonrpc': '2.0', 'result': {}}
2024-11-25 16:09:27,383 - TelegramBot - INFO - result of wallet opening: {'id': '0', 'jsonrpc': '2.0', 'result': {}}
2024-11-25 16:09:27,383 - TelegramBot - INFO - result of wallet opening: {'id': '0', 'jsonrpc': '2.0', 'result': {}}
2024-11-25 16:09:27,383 - TelegramBot - INFO - result of wallet opening: {'id': '0', 'jsonrpc': '2.0', 'result': {}}
2024-11-25 16:09:27,383 - TelegramBot - INFO - result of wallet opening: {'id': '0', 'jsonrpc': '2.0', 'result': {}}
2024-11-25 16:09:27,383 - TelegramBot - INFO - result of wallet opening: {'id': '0', 'jsonrpc': '2.0', 'result': {}}
2024-11-25 16:09:27,383 - TelegramBot - INFO - Wallet opened successfully.
2024-11-25 16:09:27,383 - TelegramBot - INFO - Wallet opened successfully.
2024-11-25 16:09:27,383 - TelegramBot - INFO - Wallet opened successfully.
2024-11-25 16:09:27,383 - TelegramBot - INFO - Wallet opened successfully.
2024-11-25 16:09:27,383 - TelegramBot - INFO - Wallet opened successfully.
2024-11-25 16:09:27,383 - TelegramBot - INFO - Wallet opened successfully.
2024-11-25 16:09:27,383 - TelegramBot - INFO - Request of wallet balance for: 400484397
2024-11-25 16:09:27,383 - TelegramBot - INFO - Request of wallet balance for: 400484397
2024-11-25 16:09:27,383 - TelegramBot - INFO - Request of wallet balance for: 400484397
2024-11-25 16:09:27,383 - TelegramBot - INFO - Request of wallet balance for: 400484397
2024-11-25 16:09:27,383 - TelegramBot - INFO - Request of wallet balance for: 400484397
2024-11-25 16:09:27,383 - TelegramBot - INFO - Request of wallet balance for: 400484397
2024-11-25 16:09:28,387 - TelegramBot - INFO - result of wallet balance request: {'id': '0', 'jsonrpc': '2.0', 'result': {'balance': 0, 'multisig_import_needed': False, 'unlocked_balance': 0}}
2024-11-25 16:09:28,387 - TelegramBot - INFO - result of wallet balance request: {'id': '0', 'jsonrpc': '2.0', 'result': {'balance': 0, 'multisig_import_needed': False, 'unlocked_balance': 0}}
2024-11-25 16:09:28,387 - TelegramBot - INFO - result of wallet balance request: {'id': '0', 'jsonrpc': '2.0', 'result': {'balance': 0, 'multisig_import_needed': False, 'unlocked_balance': 0}}
2024-11-25 16:09:28,387 - TelegramBot - INFO - result of wallet balance request: {'id': '0', 'jsonrpc': '2.0', 'result': {'balance': 0, 'multisig_import_needed': False, 'unlocked_balance': 0}}
2024-11-25 16:09:28,387 - TelegramBot - INFO - result of wallet balance request: {'id': '0', 'jsonrpc': '2.0', 'result': {'balance': 0, 'multisig_import_needed': False, 'unlocked_balance': 0}}
2024-11-25 16:09:28,387 - TelegramBot - INFO - result of wallet balance request: {'id': '0', 'jsonrpc': '2.0', 'result': {'balance': 0, 'multisig_import_needed': False, 'unlocked_balance': 0}}
2024-11-25 16:11:10,727 - TelegramBot - INFO - Database initialized with all tables created.
2024-11-25 16:11:10,727 - TelegramBot - INFO - Database initialized with all tables created.
2024-11-25 16:11:10,727 - TelegramBot - INFO - Database initialized with all tables created.
2024-11-25 16:11:10,727 - TelegramBot - INFO - Database initialized with all tables created.
2024-11-25 16:11:10,727 - TelegramBot - INFO - Database initialized with all tables created.
2024-11-25 16:11:10,729 - TelegramBot - INFO - Database initialized with all tables created.
2024-11-25 16:11:10,729 - TelegramBot - INFO - Database initialized with all tables created.
2024-11-25 16:11:10,729 - TelegramBot - INFO - Database initialized with all tables created.
2024-11-25 16:11:10,729 - TelegramBot - INFO - Database initialized with all tables created.
2024-11-25 16:11:10,729 - TelegramBot - INFO - Database initialized with all tables created.
2024-11-25 16:11:10,729 - TelegramBot - INFO - Database initialized with all tables created.
2024-11-25 16:11:10,730 - TelegramBot - WARNING - Wallet server is not running.
2024-11-25 16:11:10,730 - TelegramBot - WARNING - Wallet server is not running.
2024-11-25 16:11:10,730 - TelegramBot - WARNING - Wallet server is not running.
2024-11-25 16:11:10,730 - TelegramBot - WARNING - Wallet server is not running.
2024-11-25 16:11:10,730 - TelegramBot - WARNING - Wallet server is not running.
2024-11-25 16:11:10,730 - TelegramBot - WARNING - Wallet server is not running.
2024-11-25 16:11:10,731 - TelegramBot - INFO - Starting wallet server with command: ./ryo-wallet-rpc --rpc-bind-port 18082 --disable-rpc-login --wallet-dir ./testwall
2024-11-25 16:11:10,731 - TelegramBot - INFO - Starting wallet server with command: ./ryo-wallet-rpc --rpc-bind-port 18082 --disable-rpc-login --wallet-dir ./testwall
2024-11-25 16:11:10,731 - TelegramBot - INFO - Starting wallet server with command: ./ryo-wallet-rpc --rpc-bind-port 18082 --disable-rpc-login --wallet-dir ./testwall
2024-11-25 16:11:10,731 - TelegramBot - INFO - Starting wallet server with command: ./ryo-wallet-rpc --rpc-bind-port 18082 --disable-rpc-login --wallet-dir ./testwall
2024-11-25 16:11:10,731 - TelegramBot - INFO - Starting wallet server with command: ./ryo-wallet-rpc --rpc-bind-port 18082 --disable-rpc-login --wallet-dir ./testwall
2024-11-25 16:11:10,731 - TelegramBot - INFO - Starting wallet server with command: ./ryo-wallet-rpc --rpc-bind-port 18082 --disable-rpc-login --wallet-dir ./testwall
2024-11-25 16:11:10,731 - TelegramBot - INFO - Wallet server started.
2024-11-25 16:11:10,731 - TelegramBot - INFO - Wallet server started.
2024-11-25 16:11:10,731 - TelegramBot - INFO - Wallet server started.
2024-11-25 16:11:10,731 - TelegramBot - INFO - Wallet server started.
2024-11-25 16:11:10,731 - TelegramBot - INFO - Wallet server started.
2024-11-25 16:11:10,731 - TelegramBot - INFO - Wallet server started.
2024-11-25 16:11:10,842 - TelegramBot - INFO - Bot started successfully
2024-11-25 16:11:10,842 - TelegramBot - INFO - Bot started successfully
2024-11-25 16:11:10,842 - TelegramBot - INFO - Bot started successfully
2024-11-25 16:11:10,842 - TelegramBot - INFO - Bot started successfully
2024-11-25 16:11:10,842 - TelegramBot - INFO - Bot started successfully
2024-11-25 16:11:10,842 - TelegramBot - INFO - Bot started successfully
2024-11-25 16:11:18,670 - TelegramBot - INFO - User 400484397 requested a balance checking
2024-11-25 16:11:18,670 - TelegramBot - INFO - User 400484397 requested a balance checking
2024-11-25 16:11:18,670 - TelegramBot - INFO - User 400484397 requested a balance checking
2024-11-25 16:11:18,670 - TelegramBot - INFO - User 400484397 requested a balance checking
2024-11-25 16:11:18,670 - TelegramBot - INFO - User 400484397 requested a balance checking
2024-11-25 16:11:18,670 - TelegramBot - INFO - User 400484397 requested a balance checking
2024-11-25 16:11:18,680 - TelegramBot - INFO - Get user 400484397 password from database...
2024-11-25 16:11:18,680 - TelegramBot - INFO - Get user 400484397 password from database...
2024-11-25 16:11:18,680 - TelegramBot - INFO - Get user 400484397 password from database...
2024-11-25 16:11:18,680 - TelegramBot - INFO - Get user 400484397 password from database...
2024-11-25 16:11:18,680 - TelegramBot - INFO - Get user 400484397 password from database...
2024-11-25 16:11:18,680 - TelegramBot - INFO - Get user 400484397 password from database...
2024-11-25 16:11:21,810 - TelegramBot - INFO - User 400484397 entered BALANCE point
2024-11-25 16:11:21,810 - TelegramBot - INFO - User 400484397 entered BALANCE point
2024-11-25 16:11:21,810 - TelegramBot - INFO - User 400484397 entered BALANCE point
2024-11-25 16:11:21,810 - TelegramBot - INFO - User 400484397 entered BALANCE point
2024-11-25 16:11:21,810 - TelegramBot - INFO - User 400484397 entered BALANCE point
2024-11-25 16:11:21,810 - TelegramBot - INFO - User 400484397 entered BALANCE point
2024-11-25 16:11:22,809 - TelegramBot - INFO - Request on opening the 400484397_wallet
2024-11-25 16:11:22,809 - TelegramBot - INFO - Request on opening the 400484397_wallet
2024-11-25 16:11:22,809 - TelegramBot - INFO - Request on opening the 400484397_wallet
2024-11-25 16:11:22,809 - TelegramBot - INFO - Request on opening the 400484397_wallet
2024-11-25 16:11:22,809 - TelegramBot - INFO - Request on opening the 400484397_wallet
2024-11-25 16:11:22,809 - TelegramBot - INFO - Request on opening the 400484397_wallet
2024-11-25 16:11:24,438 - TelegramBot - INFO - result of wallet opening: {'id': '0', 'jsonrpc': '2.0', 'result': {}}
2024-11-25 16:11:24,438 - TelegramBot - INFO - result of wallet opening: {'id': '0', 'jsonrpc': '2.0', 'result': {}}
2024-11-25 16:11:24,438 - TelegramBot - INFO - result of wallet opening: {'id': '0', 'jsonrpc': '2.0', 'result': {}}
2024-11-25 16:11:24,438 - TelegramBot - INFO - result of wallet opening: {'id': '0', 'jsonrpc': '2.0', 'result': {}}
2024-11-25 16:11:24,438 - TelegramBot - INFO - result of wallet opening: {'id': '0', 'jsonrpc': '2.0', 'result': {}}
2024-11-25 16:11:24,438 - TelegramBot - INFO - result of wallet opening: {'id': '0', 'jsonrpc': '2.0', 'result': {}}
2024-11-25 16:11:24,439 - TelegramBot - INFO - Wallet opened successfully.
2024-11-25 16:11:24,439 - TelegramBot - INFO - Wallet opened successfully.
2024-11-25 16:11:24,439 - TelegramBot - INFO - Wallet opened successfully.
2024-11-25 16:11:24,439 - TelegramBot - INFO - Wallet opened successfully.
2024-11-25 16:11:24,439 - TelegramBot - INFO - Wallet opened successfully.
2024-11-25 16:11:24,439 - TelegramBot - INFO - Wallet opened successfully.
2024-11-25 16:11:24,439 - TelegramBot - INFO - Request of wallet balance for: 400484397
2024-11-25 16:11:24,439 - TelegramBot - INFO - Request of wallet balance for: 400484397
2024-11-25 16:11:24,439 - TelegramBot - INFO - Request of wallet balance for: 400484397
2024-11-25 16:11:24,439 - TelegramBot - INFO - Request of wallet balance for: 400484397
2024-11-25 16:11:24,439 - TelegramBot - INFO - Request of wallet balance for: 400484397
2024-11-25 16:11:24,439 - TelegramBot - INFO - Request of wallet balance for: 400484397
2024-11-25 16:11:25,442 - TelegramBot - INFO - result of wallet balance request: {'id': '0', 'jsonrpc': '2.0', 'result': {'balance': 0, 'multisig_import_needed': False, 'unlocked_balance': 0}}
2024-11-25 16:11:25,442 - TelegramBot - INFO - result of wallet balance request: {'id': '0', 'jsonrpc': '2.0', 'result': {'balance': 0, 'multisig_import_needed': False, 'unlocked_balance': 0}}
2024-11-25 16:11:25,442 - TelegramBot - INFO - result of wallet balance request: {'id': '0', 'jsonrpc': '2.0', 'result': {'balance': 0, 'multisig_import_needed': False, 'unlocked_balance': 0}}
2024-11-25 16:11:25,442 - TelegramBot - INFO - result of wallet balance request: {'id': '0', 'jsonrpc': '2.0', 'result': {'balance': 0, 'multisig_import_needed': False, 'unlocked_balance': 0}}
2024-11-25 16:11:25,442 - TelegramBot - INFO - result of wallet balance request: {'id': '0', 'jsonrpc': '2.0', 'result': {'balance': 0, 'multisig_import_needed': False, 'unlocked_balance': 0}}
2024-11-25 16:11:25,442 - TelegramBot - INFO - result of wallet balance request: {'id': '0', 'jsonrpc': '2.0', 'result': {'balance': 0, 'multisig_import_needed': False, 'unlocked_balance': 0}}
2024-11-25 16:11:25,682 - TelegramBot - INFO - Request on opening the 400484397_wallet
2024-11-25 16:11:25,682 - TelegramBot - INFO - Request on opening the 400484397_wallet
2024-11-25 16:11:25,682 - TelegramBot - INFO - Request on opening the 400484397_wallet
2024-11-25 16:11:25,682 - TelegramBot - INFO - Request on opening the 400484397_wallet
2024-11-25 16:11:25,682 - TelegramBot - INFO - Request on opening the 400484397_wallet
2024-11-25 16:11:25,682 - TelegramBot - INFO - Request on opening the 400484397_wallet
2024-11-25 16:11:27,333 - TelegramBot - INFO - result of wallet closing: {'id': '0', 'jsonrpc': '2.0', 'result': {}}
2024-11-25 16:11:27,333 - TelegramBot - INFO - result of wallet closing: {'id': '0', 'jsonrpc': '2.0', 'result': {}}
2024-11-25 16:11:27,333 - TelegramBot - INFO - result of wallet closing: {'id': '0', 'jsonrpc': '2.0', 'result': {}}
2024-11-25 16:11:27,333 - TelegramBot - INFO - result of wallet closing: {'id': '0', 'jsonrpc': '2.0', 'result': {}}
2024-11-25 16:11:27,333 - TelegramBot - INFO - result of wallet closing: {'id': '0', 'jsonrpc': '2.0', 'result': {}}
2024-11-25 16:11:27,333 - TelegramBot - INFO - result of wallet closing: {'id': '0', 'jsonrpc': '2.0', 'result': {}}
